#
# A fatal error has been detected by the Java Runtime Environment:
#
#  EXCEPTION_ACCESS_VIOLATION (0xc0000005) at pc=0x000000005707e3f4, pid=4748, tid=0x0000000000001540
#
# JRE version: Java(TM) SE Runtime Environment (8.0_131-b11) (build 1.8.0_131-b11)
# Java VM: Java HotSpot(TM) 64-Bit Server VM (25.131-b11 mixed mode windows-amd64 compressed oops)
# Problematic frame:
# V  [jvm.dll+0x52e3f4]
#
# Failed to write core dump. Minidumps are not enabled by default on client versions of Windows
#
# If you would like to submit a bug report, please visit:
#   http://bugreport.java.com/bugreport/crash.jsp
#

---------------  T H R E A D  ---------------

Current thread (0x0000000056603000):  JavaThread "C2 CompilerThread0" daemon [_thread_in_native, id=5440, stack(0x0000000057a80000,0x0000000057b80000)]

siginfo: ExceptionCode=0xc0000005, reading address 0x0000000058bed1f8

Registers:
RAX=0x00000000571b91a8, RBX=0x0000000057b7e858, RCX=0x0000000058bcd1e8, RDX=0x0000000058bed1e8
RSP=0x0000000057b7cc30, RBP=0x00000000000001cc, RSI=0x0000000000000001, RDI=0x0000000058988828
R8 =0xffffffffff8b56f8, R9 =0x0000000000000000, R10=0x0000000055e253a8, R11=0x000000000ff80003
R12=0x0000000000000000, R13=0x00000000590d3130, R14=0x0000000000000673, R15=0x0000000000000053
RIP=0x000000005707e3f4, EFLAGS=0x0000000000010206

Top of Stack: (sp=0x0000000057b7cc30)
0x0000000057b7cc30:   0000000000000000 0000000058bcd1e8
0x0000000057b7cc40:   0000000057b7ded0 0000000057045a81
0x0000000057b7cc50:   0000000057b7ded0 0000000057045121
0x0000000057b7cc60:   00000000590d3130 0000000057b7ded0
0x0000000057b7cc70:   00000000590d3130 0000000056fae899
0x0000000057b7cc80:   0000000057b7e858 000000005705d380
0x0000000057b7cc90:   0000000057b7d048 0000000057b7cdd0
0x0000000057b7cca0:   00000000590d3130 0000000056fc90bf
0x0000000057b7ccb0:   0000000000000001 0000000056b50000
0x0000000057b7ccc0:   0000000058bcd1e8 0000000000000000
0x0000000057b7ccd0:   00000000590d3130 000000005705f066
0x0000000057b7cce0:   0000000057b7ded0 0000000057b7ded0
0x0000000057b7ccf0:   0000000007fc0000 0000000057b7cf50
0x0000000057b7cd00:   0000000057b7cf50 000000005705cd88
0x0000000057b7cd10:   00000000571b85c8 00000000571b85c8
0x0000000057b7cd20:   0000000058841008 0000000007fc0000 

Instructions: (pc=0x000000005707e3f4)
0x000000005707e3d4:   00 e8 46 fe ff ff 48 8b 7c 24 30 48 8b 5c 24 38
0x000000005707e3e4:   48 83 c4 20 5e c3 cc cc cc cc cc cc 48 83 ec 28
0x000000005707e3f4:   8b 42 10 39 41 10 74 0a b8 01 00 00 00 48 83 c4
0x000000005707e404:   28 c3 48 8b 01 ff 10 33 c9 84 c0 0f 94 c1 8b c1 


Register to memory mapping:

RAX=0x00000000571b91a8 is an unknown value
RBX=0x0000000057b7e858 is pointing into the stack for thread: 0x0000000056603000
RCX=0x0000000058bcd1e8 is an unknown value
RDX=0x0000000058bed1e8 is an unknown value
RSP=0x0000000057b7cc30 is pointing into the stack for thread: 0x0000000056603000
RBP=0x00000000000001cc is an unknown value
RSI=0x0000000000000001 is an unknown value
RDI=0x0000000058988828 is an unknown value
R8 =0xffffffffff8b56f8 is an unknown value
R9 =0x0000000000000000 is an unknown value
R10=0x0000000055e253a8 is pointing into metadata
R11=0x000000000ff80003 is an unknown value
R12=0x0000000000000000 is an unknown value
R13=0x00000000590d3130 is an unknown value
R14=0x0000000000000673 is an unknown value
R15=0x0000000000000053 is an unknown value


Stack: [0x0000000057a80000,0x0000000057b80000],  sp=0x0000000057b7cc30,  free space=1011k
Native frames: (J=compiled Java code, j=interpreted, Vv=VM code, C=native code)
V  [jvm.dll+0x52e3f4]
V  [jvm.dll+0x4f5121]
V  [jvm.dll+0x50d380]
V  [jvm.dll+0x50f066]
V  [jvm.dll+0x50cd88]
V  [jvm.dll+0x509b2b]
V  [jvm.dll+0x506817]
V  [jvm.dll+0x501e97]
V  [jvm.dll+0x502219]
V  [jvm.dll+0x5027af]
V  [jvm.dll+0x45a910]
V  [jvm.dll+0x47ffb6]
V  [jvm.dll+0x509327]
V  [jvm.dll+0x501e97]
V  [jvm.dll+0x502219]
V  [jvm.dll+0x5027af]
V  [jvm.dll+0x45a910]
V  [jvm.dll+0x47ffb6]
V  [jvm.dll+0x509327]
V  [jvm.dll+0x501e97]
V  [jvm.dll+0x502219]
V  [jvm.dll+0x5027af]
V  [jvm.dll+0x45a910]
V  [jvm.dll+0x47ffb6]
V  [jvm.dll+0x509327]
V  [jvm.dll+0x501e97]
V  [jvm.dll+0x502219]
V  [jvm.dll+0x5027af]
V  [jvm.dll+0x45a910]
V  [jvm.dll+0x476c95]
V  [jvm.dll+0x4599f2]
V  [jvm.dll+0xa5de2]
V  [jvm.dll+0xa671f]
V  [jvm.dll+0x24537f]
V  [jvm.dll+0x29cc1a]
C  [msvcr100.dll+0x21d9f]
C  [msvcr100.dll+0x21e3b]
C  [kernel32.dll+0x1f56d]
C  [ntdll.dll+0x33281]


Current CompileTask:
C2:   1025  595       4       java.lang.String$CaseInsensitiveComparator::compare (111 bytes)


---------------  P R O C E S S  ---------------

Java Threads: ( => current thread )
  0x0000000059226000 JavaThread "AWT-Windows" daemon [_thread_in_native, id=2704, stack(0x000000005a120000,0x000000005a220000)]
  0x0000000059225800 JavaThread "AWT-Shutdown" [_thread_blocked, id=3652, stack(0x00000000585c0000,0x00000000586c0000)]
  0x0000000059220800 JavaThread "Java2D Disposer" daemon [_thread_blocked, id=5492, stack(0x0000000059fd0000,0x000000005a0d0000)]
  0x0000000056668000 JavaThread "Service Thread" daemon [_thread_blocked, id=4544, stack(0x00000000584c0000,0x00000000585c0000)]
  0x000000005660c000 JavaThread "C1 CompilerThread1" daemon [_thread_blocked, id=2260, stack(0x00000000582f0000,0x00000000583f0000)]
=>0x0000000056603000 JavaThread "C2 CompilerThread0" daemon [_thread_in_native, id=5440, stack(0x0000000057a80000,0x0000000057b80000)]
  0x0000000056601800 JavaThread "Attach Listener" daemon [_thread_blocked, id=4932, stack(0x00000000580d0000,0x00000000581d0000)]
  0x0000000056611800 JavaThread "Signal Dispatcher" daemon [_thread_blocked, id=1152, stack(0x0000000057ed0000,0x0000000057fd0000)]
  0x00000000565ee800 JavaThread "Finalizer" daemon [_thread_blocked, id=5652, stack(0x0000000057da0000,0x0000000057ea0000)]
  0x00000000565a5000 JavaThread "Reference Handler" daemon [_thread_blocked, id=5204, stack(0x0000000057b90000,0x0000000057c90000)]
  0x000000000225e000 JavaThread "main" [_thread_blocked, id=4304, stack(0x00000000022b0000,0x00000000023b0000)]

Other Threads:
  0x000000005659d000 VMThread [stack: 0x0000000057950000,0x0000000057a50000] [id=3096]
  0x000000005666e000 WatcherThread [stack: 0x00000000586f0000,0x00000000587f0000] [id=5160]

VM state:not at safepoint (normal execution)

VM Mutex/Monitor currently owned by a thread: None

Heap:
 PSYoungGen      total 31744K, used 22209K [0x00000000dce00000, 0x00000000df100000, 0x0000000100000000)
  eden space 27648K, 80% used [0x00000000dce00000,0x00000000de3b07f8,0x00000000de900000)
  from space 4096K, 0% used [0x00000000ded00000,0x00000000ded00000,0x00000000df100000)
  to   space 4096K, 0% used [0x00000000de900000,0x00000000de900000,0x00000000ded00000)
 ParOldGen       total 72704K, used 0K [0x0000000096a00000, 0x000000009b100000, 0x00000000dce00000)
  object space 72704K, 0% used [0x0000000096a00000,0x0000000096a00000,0x000000009b100000)
 Metaspace       used 12202K, capacity 12422K, committed 12544K, reserved 1060864K
  class space    used 1461K, capacity 1535K, committed 1536K, reserved 1048576K

Card table byte_map: [0x0000000011a40000,0x0000000011d90000] byte_map_base: 0x000000001158b000

Marking Bits: (ParMarkBitMap*) 0x000000005736c720
 Begin Bits: [0x0000000012470000, 0x0000000013ec8000)
 End Bits:   [0x0000000013ec8000, 0x0000000015920000)

Polling page: 0x0000000000140000

CodeCache: size=245760Kb used=2909Kb max_used=2909Kb free=242850Kb
 bounds [0x0000000002680000, 0x0000000002960000, 0x0000000011680000]
 total_blobs=1172 nmethods=768 adapters=318
 compilation: enabled

Compilation events (10 events):
Event: 0.934 Thread 0x000000005660c000 nmethod 678 0x000000000291c150 code [0x000000000291c2a0, 0x000000000291c3b0]
Event: 0.934 Thread 0x000000005660c000  680       3       java.lang.invoke.MethodType::checkPtype (19 bytes)
Event: 0.934 Thread 0x000000005660c000 nmethod 680 0x000000000291c410 code [0x000000000291c5a0, 0x000000000291c978]
Event: 0.934 Thread 0x000000005660c000  682       1       java.lang.invoke.LambdaForm$Name::index (5 bytes)
Event: 0.934 Thread 0x000000005660c000 nmethod 682 0x000000000291cb10 code [0x000000000291cc60, 0x000000000291cd70]
Event: 0.934 Thread 0x000000005660c000  683       1       sun.invoke.util.Wrapper::basicTypeChar (5 bytes)
Event: 0.935 Thread 0x000000005660c000 nmethod 683 0x000000000291cdd0 code [0x000000000291cf20, 0x000000000291d030]
Event: 0.935 Thread 0x000000005660c000  685       3       java.lang.invoke.MemberName::isConstructor (7 bytes)
Event: 0.935 Thread 0x000000005660c000 nmethod 685 0x000000000291d210 code [0x000000000291d380, 0x000000000291d5f0]
Event: 0.935 Thread 0x000000005660c000  687       3       java.lang.invoke.MemberName::getMethodOrFieldType (72 bytes)

GC Heap History (0 events):
No events

Deoptimization events (8 events):
Event: 0.466 Thread 0x000000000225e000 Uncommon trap: reason=unstable_if action=reinterpret pc=0x00000000028285d8 method=sun.misc.MetaIndex.mayContain(Ljava/lang/String;)Z @ 38
Event: 0.704 Thread 0x000000000225e000 Uncommon trap: reason=unstable_if action=reinterpret pc=0x00000000028a8b74 method=java.util.HashMap.getNode(ILjava/lang/Object;)Ljava/util/HashMap$Node; @ 129
Event: 0.704 Thread 0x000000000225e000 Uncommon trap: reason=unstable_if action=reinterpret pc=0x00000000028a8624 method=java.util.HashMap.getNode(ILjava/lang/Object;)Ljava/util/HashMap$Node; @ 129
Event: 0.709 Thread 0x000000000225e000 Uncommon trap: reason=range_check action=make_not_entrant pc=0x0000000002866510 method=sun.reflect.generics.parser.SignatureParser.current()C @ 34
Event: 0.776 Thread 0x000000000225e000 Uncommon trap: reason=unstable_if action=reinterpret pc=0x00000000027e5abc method=java.lang.String.indexOf([CII[CIII)I @ 3
Event: 0.812 Thread 0x000000000225e000 Uncommon trap: reason=class_check action=maybe_recompile pc=0x00000000028dad20 method=java.util.HashMap.putVal(ILjava/lang/Object;Ljava/lang/Object;ZZ)Ljava/lang/Object; @ 203
Event: 0.812 Thread 0x000000000225e000 Uncommon trap: reason=class_check action=maybe_recompile pc=0x00000000028dad20 method=java.util.HashMap.putVal(ILjava/lang/Object;Ljava/lang/Object;ZZ)Ljava/lang/Object; @ 203
Event: 0.836 Thread 0x000000000225e000 Uncommon trap: reason=class_check action=maybe_recompile pc=0x00000000028dad20 method=java.util.HashMap.putVal(ILjava/lang/Object;Ljava/lang/Object;ZZ)Ljava/lang/Object; @ 203

Internal exceptions (8 events):
Event: 0.037 Thread 0x000000000225e000 Exception <a 'java/lang/NoSuchMethodError': Method sun.misc.Unsafe.defineClass(Ljava/lang/String;[BII)Ljava/lang/Class; name or signature does not match> (0x00000000dce07ca8) thrown at [C:\re\workspace\8-2-build-windows-amd64-cygwin\jdk8u131\8869\hotspot\
Event: 0.037 Thread 0x000000000225e000 Exception <a 'java/lang/NoSuchMethodError': Method sun.misc.Unsafe.prefetchRead(Ljava/lang/Object;J)V name or signature does not match> (0x00000000dce07f90) thrown at [C:\re\workspace\8-2-build-windows-amd64-cygwin\jdk8u131\8869\hotspot\src\share\vm\prims
Event: 0.198 Thread 0x000000000225e000 Exception <a 'java/security/PrivilegedActionException'> (0x00000000dcffda68) thrown at [C:\re\workspace\8-2-build-windows-amd64-cygwin\jdk8u131\8869\hotspot\src\share\vm\prims\jvm.cpp, line 1390]
Event: 0.198 Thread 0x000000000225e000 Exception <a 'java/security/PrivilegedActionException'> (0x00000000dcffdc78) thrown at [C:\re\workspace\8-2-build-windows-amd64-cygwin\jdk8u131\8869\hotspot\src\share\vm\prims\jvm.cpp, line 1390]
Event: 0.199 Thread 0x000000000225e000 Exception <a 'java/security/PrivilegedActionException'> (0x00000000dd001b88) thrown at [C:\re\workspace\8-2-build-windows-amd64-cygwin\jdk8u131\8869\hotspot\src\share\vm\prims\jvm.cpp, line 1390]
Event: 0.199 Thread 0x000000000225e000 Exception <a 'java/security/PrivilegedActionException'> (0x00000000dd001d98) thrown at [C:\re\workspace\8-2-build-windows-amd64-cygwin\jdk8u131\8869\hotspot\src\share\vm\prims\jvm.cpp, line 1390]
Event: 0.709 Thread 0x000000000225e000 Exception <a 'java/lang/ArrayIndexOutOfBoundsException': 18> (0x00000000dddacc70) thrown at [C:\re\workspace\8-2-build-windows-amd64-cygwin\jdk8u131\8869\hotspot\src\share\vm\interpreter\interpreterRuntime.cpp, line 366]
Event: 0.710 Thread 0x000000000225e000 Exception <a 'java/lang/ArrayIndexOutOfBoundsException': 110> (0x00000000dddae1c8) thrown at [C:\re\workspace\8-2-build-windows-amd64-cygwin\jdk8u131\8869\hotspot\src\share\vm\interpreter\interpreterRuntime.cpp, line 366]

Events (10 events):
Event: 0.928 loading class java/lang/invoke/MethodHandleImpl$AsVarargsCollector
Event: 0.928 loading class java/lang/invoke/DelegatingMethodHandle
Event: 0.929 loading class java/lang/invoke/DelegatingMethodHandle done
Event: 0.929 loading class java/lang/invoke/MethodHandleImpl$AsVarargsCollector done
Event: 0.929 loading class java/lang/invoke/WrongMethodTypeException
Event: 0.929 loading class java/lang/invoke/WrongMethodTypeException done
Event: 0.931 loading class java/lang/invoke/MethodHandleImpl$Lazy
Event: 0.931 loading class java/lang/invoke/MethodHandleImpl$Lazy done
Event: 0.932 loading class java/lang/invoke/MethodHandleImpl$IntrinsicMethodHandle
Event: 0.932 loading class java/lang/invoke/MethodHandleImpl$IntrinsicMethodHandle done


Dynamic libraries:
0x000000013f680000 - 0x000000013f6b7000 	C:\Program Files\Java\jdk1.8.0_131\bin\javaw.exe
0x0000000077580000 - 0x000000007772b000 	C:\Windows\SYSTEM32\ntdll.dll
0x000007fef2e90000 - 0x000007fef2ec3000 	C:\Program Files\AVAST Software\Avast\x64\aswhooka.dll
0x0000000077360000 - 0x000000007747f000 	C:\Windows\system32\kernel32.dll
0x000007fefd800000 - 0x000007fefd86b000 	C:\Windows\system32\KERNELBASE.dll
0x000007fefda10000 - 0x000007fefdaeb000 	C:\Windows\system32\ADVAPI32.dll
0x000007feff7d0000 - 0x000007feff86f000 	C:\Windows\system32\msvcrt.dll
0x000007fefde30000 - 0x000007fefde4f000 	C:\Windows\SYSTEM32\sechost.dll
0x000007fefde50000 - 0x000007fefdf7e000 	C:\Windows\system32\RPCRT4.dll
0x0000000077480000 - 0x000000007757a000 	C:\Windows\system32\USER32.dll
0x000007feff580000 - 0x000007feff5e7000 	C:\Windows\system32\GDI32.dll
0x000007feff270000 - 0x000007feff27e000 	C:\Windows\system32\LPK.dll
0x000007feff1a0000 - 0x000007feff26a000 	C:\Windows\system32\USP10.dll
0x000007fefbd30000 - 0x000007fefbf24000 	C:\Windows\WinSxS\amd64_microsoft.windows.common-controls_6595b64144ccf1df_6.0.7600.16385_none_fa645303170382f6\COMCTL32.dll
0x000007feff390000 - 0x000007feff401000 	C:\Windows\system32\SHLWAPI.dll
0x000007feff550000 - 0x000007feff57e000 	C:\Windows\system32\IMM32.DLL
0x000007feff280000 - 0x000007feff389000 	C:\Windows\system32\MSCTF.dll
0x00000000573f0000 - 0x00000000574c2000 	C:\Program Files\Java\jdk1.8.0_131\jre\bin\msvcr100.dll
0x0000000056b50000 - 0x00000000573ec000 	C:\Program Files\Java\jdk1.8.0_131\jre\bin\server\jvm.dll
0x000007fef2530000 - 0x000007fef2539000 	C:\Windows\system32\WSOCK32.dll
0x000007feff150000 - 0x000007feff19d000 	C:\Windows\system32\WS2_32.dll
0x000007fefe100000 - 0x000007fefe108000 	C:\Windows\system32\NSI.dll
0x000007fef82d0000 - 0x000007fef830b000 	C:\Windows\system32\WINMM.dll
0x000007fefc650000 - 0x000007fefc65c000 	C:\Windows\system32\VERSION.dll
0x0000000077750000 - 0x0000000077757000 	C:\Windows\system32\PSAPI.DLL
0x0000000067ec0000 - 0x0000000067ecf000 	C:\Program Files\Java\jdk1.8.0_131\jre\bin\verify.dll
0x0000000058fc0000 - 0x0000000058fe9000 	C:\Program Files\Java\jdk1.8.0_131\jre\bin\java.dll
0x0000000058fa0000 - 0x0000000058fb6000 	C:\Program Files\Java\jdk1.8.0_131\jre\bin\zip.dll
0x000007fefe370000 - 0x000007feff0f6000 	C:\Windows\system32\SHELL32.dll
0x000007fefdc20000 - 0x000007fefde21000 	C:\Windows\system32\ole32.dll
0x000007fefd4e0000 - 0x000007fefd4ef000 	C:\Windows\system32\profapi.dll
0x00000000694c0000 - 0x00000000694cd000 	C:\Program Files\Java\jdk1.8.0_131\jre\bin\management.dll
0x000000005a510000 - 0x000000005a52a000 	C:\Program Files\Java\jdk1.8.0_131\jre\bin\net.dll
0x000007fefcd10000 - 0x000007fefcd64000 	C:\Windows\system32\mswsock.dll
0x000007fefcd00000 - 0x000007fefcd07000 	C:\Windows\System32\wship6.dll
0x000007fefb740000 - 0x000007fefb755000 	C:\Windows\system32\NLAapi.dll
0x000007fefcb90000 - 0x000007fefcbeb000 	C:\Windows\system32\DNSAPI.dll
0x000007fefb420000 - 0x000007fefb42b000 	C:\Windows\System32\winrnr.dll
0x000007fef7750000 - 0x000007fef7765000 	C:\Windows\system32\napinsp.dll
0x000007fef7730000 - 0x000007fef7749000 	C:\Windows\system32\pnrpnsp.dll
0x000007fefc720000 - 0x000007fefc727000 	C:\Windows\System32\wshtcpip.dll
0x000007fefb2c0000 - 0x000007fefb2e7000 	C:\Windows\system32\IPHLPAPI.DLL
0x000007fefb2a0000 - 0x000007fefb2ab000 	C:\Windows\system32\WINNSI.DLL
0x000007fef6f20000 - 0x000007fef6f28000 	C:\Windows\system32\rasadhlp.dll
0x000007fefb1a0000 - 0x000007fefb1f3000 	C:\Windows\System32\fwpuclnt.dll
0x0000000058cb0000 - 0x0000000058cc1000 	C:\Program Files\Java\jdk1.8.0_131\jre\bin\nio.dll
0x000007fef7d50000 - 0x000007fef7e75000 	C:\Windows\system32\dbghelp.dll
0x0000000058dc0000 - 0x0000000058f58000 	C:\Program Files\Java\jdk1.8.0_131\jre\bin\awt.dll
0x000007fefd930000 - 0x000007fefda07000 	C:\Windows\system32\OLEAUT32.dll
0x000007fefbc80000 - 0x000007fefbcd6000 	C:\Windows\system32\uxtheme.dll
0x000007fefb7d0000 - 0x000007fefb7e8000 	C:\Windows\system32\dwmapi.dll

VM Arguments:
jvm_args: -Dfile.encoding=Cp1250 
java_command: pl.codeforfun.RES
java_class_path (initial): C:\Users\dom\workspace\RES\target\classes;C:\Users\dom\.p2\pool\plugins\org.junit_4.12.0.v201504281640\junit.jar;C:\Users\dom\.p2\pool\plugins\org.hamcrest.core_1.3.0.v201303031735.jar;C:\Users\dom\workspace\RES\externalLibraries\mysql-connector-java-5.1.44-bin.jar;C:\Users\dom\.m2\repository\org\apache\logging\log4j\log4j-api\2.8.2\log4j-api-2.8.2.jar;C:\Users\dom\.m2\repository\org\apache\logging\log4j\log4j-core\2.8.2\log4j-core-2.8.2.jar
Launcher Type: SUN_STANDARD

Environment Variables:
PATH=C:/Program Files/Java/jre1.8.0_131/bin/server;C:/Program Files/Java/jre1.8.0_131/bin;C:/Program Files/Java/jre1.8.0_131/lib/amd64;C:\Program Files (x86)\PC Connectivity Solution\;C:\ProgramData\Oracle\Java\javapath;C:\Program Files\Broadcom\Broadcom 802.11 Network Adapter\Driver;;C:\Windows\system32;C:\Windows;C:\Windows\System32\Wbem;C:\Windows\System32\WindowsPowerShell\v1.0\;C:\Program Files (x86)\Intel\OpenCL SDK\2.0\bin\x86;C:\Program Files (x86)\Intel\OpenCL SDK\2.0\bin\x64;C:\Program Files\MySQL\MySQL Utilities 1.6\;C:\Program Files\Java\jdk1.8.0_131\bin;C:\Users\dom\workspace\Maven\bin;C:\Users\dom\Desktop;
USERNAME=dom
OS=Windows_NT
PROCESSOR_IDENTIFIER=Intel64 Family 6 Model 58 Stepping 9, GenuineIntel



---------------  S Y S T E M  ---------------

OS: Windows 7 , 64 bit Build 7600 (6.1.7600.16385)

CPU:total 2 (initial active 2) (2 cores per cpu, 1 threads per core) family 6 model 58 stepping 9, cmov, cx8, fxsr, mmx, sse, sse2, sse3, ssse3, sse4.1, sse4.2, popcnt, clmul, erms, tsc, tscinvbit, tscinv

Memory: 4k page, physical 6900264k(2763752k free), swap 13798632k(9268016k free)

vm_info: Java HotSpot(TM) 64-Bit Server VM (25.131-b11) for windows-amd64 JRE (1.8.0_131-b11), built on Mar 15 2017 01:23:53 by "java_re" with MS VC++ 10.0 (VS2010)

time: Thu Oct 05 00:14:49 2017
elapsed time: 1 seconds (0d 0h 0m 1s)

